DEPRECATION WARNING: `#ignore` is deprecated and will be removed in 5.0. Please use `#transient` instead. (called from block (3 levels) in <top (required)> at /Users/andrewroth/Development/fe/spec/factories/question_sheet.rb:6)
DEPRECATION WARNING: `#ignore` is deprecated and will be removed in 5.0. Please use `#transient` instead. (called from block (3 levels) in <top (required)> at /Users/andrewroth/Development/fe/spec/factories/question_sheet.rb:6)
DEPRECATION WARNING: `#ignore` is deprecated and will be removed in 5.0. Please use `#transient` instead. (called from block (3 levels) in <top (required)> at /Users/andrewroth/Development/fe/spec/factories/question_sheet.rb:6)
  [1m[36mActiveRecord::SchemaMigration Load (83.0ms)[0m  [1mSELECT `schema_migrations`.* FROM `schema_migrations`[0m
Migrating to Core (20141203214017)
  [1m[35m (1017.6ms)[0m  CREATE TABLE `fe_question_sheets` (`id` int(11) auto_increment PRIMARY KEY, `label` varchar(100) NOT NULL, `archived` tinyint(1) DEFAULT 0, `created_at` datetime, `updated_at` datetime) ENGINE=InnoDB
  [1m[36m (299.5ms)[0m  [1mCREATE TABLE `fe_applications` (`id` int(11) auto_increment PRIMARY KEY, `applicant_id` int(11), `status` varchar(255), `submitted_at` datetime, `created_at` datetime, `updated_at` datetime) ENGINE=InnoDB[0m
  [1m[35m (1070.3ms)[0m  CREATE  INDEX `question_sheet_id`  ON `fe_applications` (`applicant_id`) 
  [1m[36m (596.8ms)[0m  [1mCREATE TABLE `fe_pages` (`id` int(11) auto_increment PRIMARY KEY, `question_sheet_id` int(11) NOT NULL, `label` varchar(60) NOT NULL, `number` int(11), `no_cache` tinyint(1) DEFAULT 0, `hidden` tinyint(1) DEFAULT 0, `created_at` datetime, `updated_at` datetime) ENGINE=InnoDB[0m
  [1m[35m (541.9ms)[0m  CREATE TABLE `fe_elements` (`id` int(11) auto_increment PRIMARY KEY, `question_grid_id` int(11), `kind` varchar(40) NOT NULL, `style` varchar(40), `label` varchar(255), `content` text, `required` tinyint(1), `slug` varchar(36), `position` int(11), `object_name` varchar(255), `attribute_name` varchar(255), `source` varchar(255), `value_xpath` varchar(255), `text_xpath` varchar(255), `cols` varchar(255), `is_confidential` tinyint(1) DEFAULT 0, `total_cols` varchar(255), `css_id` varchar(255), `css_class` varchar(255), `question_sheet_id` int(11) NOT NULL, `created_at` datetime, `updated_at` datetime) ENGINE=InnoDB
  [1m[36m (537.1ms)[0m  [1mCREATE  INDEX `index_fe_elements_on_slug`  ON `fe_elements` (`slug`) [0m
  [1m[35m (189.6ms)[0m  CREATE TABLE `fe_page_elements` (`id` int(11) auto_increment PRIMARY KEY, `page_id` int(11), `element_id` int(11), `position` int(11), `created_at` datetime, `updated_at` datetime) ENGINE=InnoDB
  [1m[36m (420.3ms)[0m  [1mCREATE  INDEX `page_element`  ON `fe_page_elements` (`page_id`, `element_id`) [0m
  [1m[35m (315.6ms)[0m  CREATE TABLE `fe_answers` (`id` int(11) auto_increment PRIMARY KEY, `answer_sheet_id` int(11) NOT NULL, `question_id` int(11) NOT NULL, `value` text, `short_value` varchar(255), `attachment_file_size` int(11), `attachment_content_type` varchar(255), `attachment_file_name` varchar(255), `attachment_updated_at` datetime, `created_at` datetime, `updated_at` datetime) ENGINE=InnoDB
  [1m[36m (118.5ms)[0m  [1mCREATE  INDEX `index_fe_answers_on_short_value`  ON `fe_answers` (`short_value`) [0m
  [1m[35m (229.8ms)[0m  CREATE  INDEX `answer_sheet_question`  ON `fe_answers` (`answer_sheet_id`, `question_id`) 
  [1m[36m (217.0ms)[0m  [1mCREATE TABLE `fe_conditions` (`id` int(11) auto_increment PRIMARY KEY, `question_sheet_id` int(11) NOT NULL, `trigger_id` int(11) NOT NULL, `expression` varchar(255) NOT NULL, `toggle_page_id` int(11) NOT NULL, `toggle_id` int(11), `created_at` datetime, `updated_at` datetime) ENGINE=InnoDB[0m
  [1m[35m (314.8ms)[0m  CREATE  INDEX `index_fe_conditions_on_question_sheet_id`  ON `fe_conditions` (`question_sheet_id`) 
  [1m[36m (356.7ms)[0m  [1mCREATE  INDEX `index_fe_conditions_on_trigger_id`  ON `fe_conditions` (`trigger_id`) [0m
  [1m[35m (137.1ms)[0m  CREATE  INDEX `index_fe_conditions_on_toggle_page_id`  ON `fe_conditions` (`toggle_page_id`) 
  [1m[36m (231.5ms)[0m  [1mCREATE  INDEX `index_fe_conditions_on_toggle_id`  ON `fe_conditions` (`toggle_id`) [0m
  [1m[35m (0.2ms)[0m  BEGIN
  [1m[36mSQL (0.2ms)[0m  [1mINSERT INTO `schema_migrations` (`version`) VALUES ('20141203214017')[0m
  [1m[35m (0.7ms)[0m  COMMIT
Migrating to CreateReferenceSheets (20141203214018)
  [1m[36m (237.0ms)[0m  [1mCREATE TABLE `fe_references` (`id` int(11) auto_increment PRIMARY KEY, `question_id` int(11), `applicant_answer_sheet_id` int(11), `email_sent_at` datetime, `relationship` varchar(255), `title` varchar(255), `first_name` varchar(255), `last_name` varchar(255), `phone` varchar(255), `email` varchar(255), `status` varchar(255), `submitted_at` datetime, `access_key` varchar(255), `created_at` datetime, `updated_at` datetime) ENGINE=InnoDB[0m
  [1m[35m (474.7ms)[0m  ALTER TABLE `fe_elements` ADD `related_question_sheet_id` int(11)
  [1m[36m (253.9ms)[0m  [1mCREATE  INDEX `index_fe_references_on_question_id`  ON `fe_references` (`question_id`) [0m
  [1m[35m (258.7ms)[0m  CREATE  INDEX `index_fe_references_on_applicant_answer_sheet_id`  ON `fe_references` (`applicant_answer_sheet_id`) 
  [1m[36m (0.2ms)[0m  [1mBEGIN[0m
  [1m[35mSQL (0.3ms)[0m  INSERT INTO `schema_migrations` (`version`) VALUES ('20141203214018')
  [1m[36m (2.5ms)[0m  [1mCOMMIT[0m
Migrating to AddElementAndAnswerFields (20141203214019)
  [1m[35m (322.6ms)[0m  ALTER TABLE `fe_elements` ADD `conditional_id` int(11)
  [1m[36m (172.9ms)[0m  [1mALTER TABLE `fe_elements` ADD `tooltip` text[0m
  [1m[35m (227.3ms)[0m  ALTER TABLE `fe_elements` ADD `hide_label` tinyint(1) DEFAULT 0
  [1m[36m (229.4ms)[0m  [1mALTER TABLE `fe_elements` ADD `hide_option_labels` tinyint(1) DEFAULT 0[0m
  [1m[35m (0.2ms)[0m  BEGIN
  [1m[36mSQL (0.2ms)[0m  [1mINSERT INTO `schema_migrations` (`version`) VALUES ('20141203214019')[0m
  [1m[35m (0.6ms)[0m  COMMIT
Migrating to CreateEmailTemplates (20141203214020)
  [1m[36m (218.3ms)[0m  [1mCREATE TABLE `fe_email_templates` (`id` int(11) auto_increment PRIMARY KEY, `name` varchar(1000) NOT NULL, `content` text, `enabled` tinyint(1), `subject` varchar(255), `created_at` datetime, `updated_at` datetime) ENGINE=InnoDB[0m
  [1m[35m (1.0ms)[0m  BEGIN
  [1m[36mSQL (0.3ms)[0m  [1mINSERT INTO `schema_migrations` (`version`) VALUES ('20141203214020')[0m
  [1m[35m (0.6ms)[0m  COMMIT
Migrating to AddMaxLengths (20141203214021)
  [1m[36m (253.8ms)[0m  [1mALTER TABLE `fe_elements` ADD `max_length` int(11)[0m
  [1m[35m (343.6ms)[0m  CREATE  INDEX `index_fe_elements_on_conditional_id`  ON `fe_elements` (`conditional_id`) 
  [1m[36m (334.8ms)[0m  [1mCREATE  INDEX `index_fe_elements_on_question_grid_id`  ON `fe_elements` (`question_grid_id`) [0m
  [1m[35m (0.2ms)[0m  BEGIN
  [1m[36mSQL (0.2ms)[0m  [1mINSERT INTO `schema_migrations` (`version`) VALUES ('20141203214021')[0m
  [1m[35m (0.6ms)[0m  COMMIT
Migrating to CreateJoinTable (20141203214022)
  [1m[36m (244.4ms)[0m  [1mCREATE TABLE `fe_answer_sheet_question_sheets` (`id` int(11) auto_increment PRIMARY KEY, `answer_sheet_id` int(11), `question_sheet_id` int(11), `created_at` datetime, `updated_at` datetime) ENGINE=InnoDB[0m
  [1m[35m (460.5ms)[0m  CREATE  INDEX `answer_sheet_question_sheet`  ON `fe_answer_sheet_question_sheets` (`answer_sheet_id`, `question_sheet_id`) 
  [1m[36m (1.6ms)[0m  [1mBEGIN[0m
  [1m[35mSQL (0.2ms)[0m  INSERT INTO `schema_migrations` (`version`) VALUES ('20141203214022')
  [1m[36m (2.7ms)[0m  [1mCOMMIT[0m
Migrating to RemoveQuestionIdFromElement (20141203214023)
  [1m[35m (247.6ms)[0m  ALTER TABLE `fe_elements` DROP `question_sheet_id`
  [1m[36m (0.2ms)[0m  [1mBEGIN[0m
  [1m[35mSQL (0.2ms)[0m  INSERT INTO `schema_migrations` (`version`) VALUES ('20141203214023')
  [1m[36m (0.8ms)[0m  [1mCOMMIT[0m
Migrating to CreateFePeople (20141203214024)
  [1m[35m (237.9ms)[0m  CREATE TABLE `fe_people` (`id` int(11) auto_increment PRIMARY KEY, `first_name` varchar(255), `last_name` varchar(255), `user_id` int(11), `is_staff` tinyint(1), `created_at` datetime, `updated_at` datetime) ENGINE=InnoDB
  [1m[36m (0.1ms)[0m  [1mBEGIN[0m
  [1m[35mSQL (0.2ms)[0m  INSERT INTO `schema_migrations` (`version`) VALUES ('20141203214024')
  [1m[36m (1.4ms)[0m  [1mCOMMIT[0m
Migrating to CreateFeAddresses (20141203214025)
  [1m[35m (259.9ms)[0m  CREATE TABLE `fe_addresses` (`id` int(11) auto_increment PRIMARY KEY, `startdate` datetime, `enddate` datetime, `address1` varchar(255), `address2` varchar(255), `address3` varchar(255), `address4` varchar(255), `address_type` varchar(255), `city` varchar(255), `state` varchar(255), `zip` varchar(255), `country` varchar(255), `person_id` int(11), `created_at` datetime, `updated_at` datetime) ENGINE=InnoDB
  [1m[36m (0.1ms)[0m  [1mBEGIN[0m
  [1m[35mSQL (0.2ms)[0m  INSERT INTO `schema_migrations` (`version`) VALUES ('20141203214025')
  [1m[36m (0.6ms)[0m  [1mCOMMIT[0m
Migrating to CreateCreateFePhoneNumbers (20141203214026)
  [1m[35m (262.4ms)[0m  CREATE TABLE `create_fe_phone_numbers` (`id` int(11) auto_increment PRIMARY KEY, `number` varchar(255), `extensions` varchar(255), `person_id` int(11), `location` varchar(255), `primary` tinyint(1), `txt_to_email` varchar(255), `carrier_id` int(11), `email_updated_at` datetime, `created_at` datetime, `updated_at` datetime) ENGINE=InnoDB
  [1m[36m (0.2ms)[0m  [1mBEGIN[0m
  [1m[35mSQL (0.2ms)[0m  INSERT INTO `schema_migrations` (`version`) VALUES ('20141203214026')
  [1m[36m (13.6ms)[0m  [1mCOMMIT[0m
Migrating to CreateFeUsers (20141203214027)
  [1m[35m (644.6ms)[0m  CREATE TABLE `fe_users` (`id` int(11) auto_increment PRIMARY KEY, `user_id` int(11), `last_login` datetime, `type` varchar(255), `role` varchar(255), `created_at` datetime, `updated_at` datetime) ENGINE=InnoDB
  [1m[36m (0.2ms)[0m  [1mBEGIN[0m
  [1m[35mSQL (0.2ms)[0m  INSERT INTO `schema_migrations` (`version`) VALUES ('20141203214027')
  [1m[36m (14.7ms)[0m  [1mCOMMIT[0m
Migrating to AddConditionalTypeToElements (20141203214028)
  [1m[35m (1847.6ms)[0m  ALTER TABLE `fe_elements` ADD `conditional_type` varchar(255)
  [1m[36m (0.1ms)[0m  [1mBEGIN[0m
  [1m[35mSQL (0.3ms)[0m  INSERT INTO `schema_migrations` (`version`) VALUES ('20141203214028')
  [1m[36m (2.3ms)[0m  [1mCOMMIT[0m
Migrating to AddConditionalAnswerToElements (20141203214029)
  [1m[35m (250.3ms)[0m  ALTER TABLE `fe_elements` ADD `conditional_answer` text
  [1m[36m (0.2ms)[0m  [1mBEGIN[0m
  [1m[35mSQL (0.3ms)[0m  INSERT INTO `schema_migrations` (`version`) VALUES ('20141203214029')
  [1m[36m (0.6ms)[0m  [1mCOMMIT[0m
Migrating to RemoveShortValueColumn (20141203214030)
  [1m[35m (522.8ms)[0m  ALTER TABLE `fe_answers` DROP `short_value`
  [1m[36m (0.2ms)[0m  [1mBEGIN[0m
  [1m[35mSQL (0.2ms)[0m  INSERT INTO `schema_migrations` (`version`) VALUES ('20141203214030')
  [1m[36m (0.6ms)[0m  [1mCOMMIT[0m
Migrating to MoveConditionalIdsUsedForChoiceFieldToTheirOwnColumn (20141203214031)
  [1m[35m (286.0ms)[0m  ALTER TABLE `fe_elements` ADD `choice_field_id` int(11)
  [1m[36mSQL (0.3ms)[0m  [1mUPDATE `fe_elements` SET choice_field_id = conditional_id, conditional_id = null WHERE `fe_elements`.`conditional_type` IS NULL AND (conditional_id is not null)[0m
  [1m[35m (0.1ms)[0m  BEGIN
  [1m[36mSQL (0.2ms)[0m  [1mINSERT INTO `schema_migrations` (`version`) VALUES ('20141203214031')[0m
  [1m[35m (0.6ms)[0m  COMMIT
Migrating to CreateUsers (20150123215803)
  [1m[36m (247.2ms)[0m  [1mCREATE TABLE `users` (`id` int(11) auto_increment PRIMARY KEY, `username` varchar(255), `email` varchar(255), `person_id` int(11)) ENGINE=InnoDB[0m
  [1m[35m (0.2ms)[0m  BEGIN
  [1m[36mSQL (0.3ms)[0m  [1mINSERT INTO `schema_migrations` (`version`) VALUES ('20150123215803')[0m
  [1m[35m (2.6ms)[0m  COMMIT
  [1m[36mActiveRecord::SchemaMigration Load (0.2ms)[0m  [1mSELECT `schema_migrations`.* FROM `schema_migrations`[0m
DEPRECATION WARNING: `#ignore` is deprecated and will be removed in 5.0. Please use `#transient` instead. (called from block (3 levels) in <top (required)> at /Users/andrewroth/Development/fe/spec/factories/question_sheet.rb:6)
  [1m[36mActiveRecord::SchemaMigration Load (0.3ms)[0m  [1mSELECT `schema_migrations`.* FROM `schema_migrations`[0m
  [1m[35mActiveRecord::SchemaMigration Load (0.2ms)[0m  SELECT `schema_migrations`.* FROM `schema_migrations`
